<?xml version="1.0" encoding="UTF-8"?>
<!-- Generated by org.testng.reporters.JUnitReportReporter -->
<testsuite hostname="Sowmya" failures="0" tests="1" name="automation.tests.ErrorValidations" time="8.449" errors="0" timestamp="2024-02-28T12:32:49 PST" skipped="0">
  <testcase classname="automation.tests.ErrorValidations" name="invalidLogin" time="8.449"/>
</testsuite> <!-- automation.tests.ErrorValidations -->
