<?xml version="1.0" encoding="UTF-8"?>
<!-- Generated by org.testng.reporters.JUnitReportReporter -->
<testsuite hostname="Sowmya" failures="0" tests="1" name="cucumber.TestNGTestRunner" time="17.149" errors="0" timestamp="2024-04-05T13:40:54 PDT" skipped="0">
  <testcase classname="cucumber.TestNGTestRunner" name="runScenario" time="17.149"/>
</testsuite> <!-- cucumber.TestNGTestRunner -->
