<?xml version="1.0" encoding="UTF-8"?>
<!-- Generated by org.testng.reporters.JUnitReportReporter -->
<testsuite hostname="Sowmya" failures="0" tests="2" name="automation.tests.SubmitOrderTest" time="25.547" errors="0" timestamp="2024-03-05T17:51:53 PST" skipped="0">
  <testcase classname="automation.tests.SubmitOrderTest" name="submitOrder" time="13.610"/>
  <testcase classname="automation.tests.SubmitOrderTest" name="submitOrder" time="11.937"/>
</testsuite> <!-- automation.tests.SubmitOrderTest -->
