<?xml version="1.0" encoding="UTF-8"?>
<!-- Generated by org.testng.reporters.JUnitReportReporter -->
<testsuite hostname="Sowmya" failures="0" tests="1" name="cucumber.TestNGTestRunner" time="9.255" errors="0" timestamp="2024-09-19T13:43:51 PDT" skipped="0">
  <testcase classname="cucumber.TestNGTestRunner" name="runScenario" time="9.255"/>
</testsuite> <!-- cucumber.TestNGTestRunner -->
