<?xml version="1.0" encoding="UTF-8"?>
<!-- Generated by org.testng.reporters.JUnitReportReporter -->
<testsuite hostname="Sowmya" failures="0" tests="2" name="automation.tests.SubmitOrderTest" time="18.459" errors="0" timestamp="2024-09-19T13:43:51 PDT" skipped="0">
  <testcase classname="automation.tests.SubmitOrderTest" name="submitOrder" time="9.218"/>
  <testcase classname="automation.tests.SubmitOrderTest" name="submitOrder" time="9.241"/>
</testsuite> <!-- automation.tests.SubmitOrderTest -->
